
> temp-app@0.1.0 build:cloudflare
> opennextjs-cloudflare build && cp .open-next/worker.js .open-next/assets/_worker.js


┌─────────────────────────────┐
│ OpenNext — Cloudflare build │
└─────────────────────────────┘

App directory: /Users/ilkerkaya/Antigravity Works/Yararlan/yararlan
Next.js version : 15.5.15
@opennextjs/cloudflare version: 1.19.1
@opennextjs/aws version: 3.10.1

┌─────────────────────────────────┐
│ OpenNext — Building Next.js app │
└─────────────────────────────────┘


> temp-app@0.1.0 build
> next build

   ▲ Next.js 15.5.15
   - Environments: .env.local, .env.production

   Creating an optimized production build ...
 ✓ Compiled successfully in 647ms
   Skipping validation of types
   Skipping linting
   Collecting page data ...
 ⚠ Using edge runtime on a page currently disables static generation for that page
   Generating static pages (0/6) ...
   Generating static pages (1/6) 
   Generating static pages (2/6) 
   Generating static pages (4/6) 
 ✓ Generating static pages (6/6)
   Finalizing page optimization ...
   Collecting build traces ...

Route (app)                                 Size  First Load JS
┌ ƒ /                                    6.96 kB         109 kB
├ ○ /_not-found                            999 B         103 kB
├ ƒ /icon                                  128 B         102 kB
├ ○ /robots.txt                            128 B         102 kB
└ ○ /sitemap.xml                           128 B         102 kB
+ First Load JS shared by all             102 kB
  ├ chunks/255-4f212684648fcab9.js         46 kB
  ├ chunks/4bd1b696-c023c6e3521b1417.js  54.2 kB
  └ other shared chunks (total)          1.92 kB


○  (Static)   prerendered as static content
ƒ  (Dynamic)  server-rendered on demand


┌──────────────────────────────┐
│ OpenNext — Generating bundle │
└──────────────────────────────┘

Bundling middleware function...
Bundling static assets...
Bundling cache assets...
Building server function: default...
file:///Users/ilkerkaya/Antigravity%20Works/Yararlan/yararlan/node_modules/@opennextjs/aws/dist/build/copyTracedFiles.js:128
                throw new Error(`
                      ^

Error: 
--------------------------------------------------------------------------------
app/icon/route cannot use the edge runtime.
OpenNext requires edge runtime function to be defined in a separate function.
See the docs for more information on how to bundle edge runtime functions.
--------------------------------------------------------------------------------
        
    at computeCopyFilesForPage (file:///Users/ilkerkaya/Antigravity%20Works/Yararlan/yararlan/node_modules/@opennextjs/aws/dist/build/copyTracedFiles.js:128:23)
    at file:///Users/ilkerkaya/Antigravity%20Works/Yararlan/yararlan/node_modules/@opennextjs/aws/dist/build/copyTracedFiles.js:193:9
    at Array.forEach (<anonymous>)
    at copyTracedFiles (file:///Users/ilkerkaya/Antigravity%20Works/Yararlan/yararlan/node_modules/@opennextjs/aws/dist/build/copyTracedFiles.js:192:12)
    at generateBundle (file:///Users/ilkerkaya/Antigravity%20Works/Yararlan/yararlan/node_modules/@opennextjs/cloudflare/dist/cli/build/open-next/createServerBundle.js:121:60)
    at createServerBundle (file:///Users/ilkerkaya/Antigravity%20Works/Yararlan/yararlan/node_modules/@opennextjs/cloudflare/dist/cli/build/open-next/createServerBundle.js:75:11)
    at process.processTicksAndRejections (node:internal/process/task_queues:105:5)
    at async build (file:///Users/ilkerkaya/Antigravity%20Works/Yararlan/yararlan/node_modules/@opennextjs/cloudflare/dist/cli/build/build.js:74:5)
    at async buildCommand (file:///Users/ilkerkaya/Antigravity%20Works/Yararlan/yararlan/node_modules/@opennextjs/cloudflare/dist/cli/commands/build.js:33:5)

Node.js v24.3.0
